2016-10-26 16:01:36.585  INFO 11081 --- [Test worker] i.c.c.CloudServiceCallbackControllerTest : Starting CloudServiceCallbackControllerTest on justin-dev with PID 11081 (started by justin in /home/justin/git/cloudbackenc/cloudbackencui)
2016-10-26 16:01:36.593  INFO 11081 --- [Test worker] i.c.c.CloudServiceCallbackControllerTest : No active profile set, falling back to default profiles: default
2016-10-26 16:01:36.676  INFO 11081 --- [Test worker] ationConfigEmbeddedWebApplicationContext : Refreshing org.springframework.boot.context.embedded.AnnotationConfigEmbeddedWebApplicationContext@1edad67c: startup date [Wed Oct 26 16:01:36 PDT 2016]; root of context hierarchy
2016-10-26 16:01:40.201  INFO 11081 --- [Test worker] s.b.c.e.t.TomcatEmbeddedServletContainer : Tomcat initialized with port(s): 9998 (https)
2016-10-26 16:01:40.221  INFO 11081 --- [Test worker] o.apache.catalina.core.StandardService   : Starting service Tomcat
2016-10-26 16:01:40.222  INFO 11081 --- [Test worker] org.apache.catalina.core.StandardEngine  : Starting Servlet Engine: Apache Tomcat/8.5.5
2016-10-26 16:01:40.434  INFO 11081 --- [localhost-startStop-1] o.a.c.c.C.[Tomcat].[localhost].[/]       : Initializing Spring embedded WebApplicationContext
2016-10-26 16:01:40.435  INFO 11081 --- [localhost-startStop-1] o.s.web.context.ContextLoader            : Root WebApplicationContext: initialization completed in 3762 ms
2016-10-26 16:01:40.845  INFO 11081 --- [localhost-startStop-1] o.s.b.w.servlet.ServletRegistrationBean  : Mapping servlet: 'dispatcherServlet' to [/]
2016-10-26 16:01:40.851  INFO 11081 --- [localhost-startStop-1] o.s.b.w.servlet.FilterRegistrationBean   : Mapping filter: 'characterEncodingFilter' to: [/*]
2016-10-26 16:01:40.852  INFO 11081 --- [localhost-startStop-1] o.s.b.w.servlet.FilterRegistrationBean   : Mapping filter: 'hiddenHttpMethodFilter' to: [/*]
2016-10-26 16:01:40.853  INFO 11081 --- [localhost-startStop-1] o.s.b.w.servlet.FilterRegistrationBean   : Mapping filter: 'httpPutFormContentFilter' to: [/*]
2016-10-26 16:01:40.854  INFO 11081 --- [localhost-startStop-1] o.s.b.w.servlet.FilterRegistrationBean   : Mapping filter: 'requestContextFilter' to: [/*]
2016-10-26 16:01:41.753  INFO 11081 --- [Test worker] s.w.s.m.m.a.RequestMappingHandlerAdapter : Looking for @ControllerAdvice: org.springframework.boot.context.embedded.AnnotationConfigEmbeddedWebApplicationContext@1edad67c: startup date [Wed Oct 26 16:01:36 PDT 2016]; root of context hierarchy
2016-10-26 16:01:41.865  INFO 11081 --- [Test worker] s.w.s.m.m.a.RequestMappingHandlerMapping : Mapped "{[/cloudservicecallback],methods=[POST]}" onto public final org.springframework.http.ResponseEntity<java.lang.Void> com.irotsoma.cloudbackenc.cloudbackencui.CloudServiceCallbackController.authenticate(com.irotsoma.cloudbackenc.common.cloudservice.CloudServiceCallbackURL)
2016-10-26 16:01:41.880  INFO 11081 --- [Test worker] s.w.s.m.m.a.RequestMappingHandlerMapping : Mapped "{[/error],produces=[text/html]}" onto public org.springframework.web.servlet.ModelAndView org.springframework.boot.autoconfigure.web.BasicErrorController.errorHtml(javax.servlet.http.HttpServletRequest,javax.servlet.http.HttpServletResponse)
2016-10-26 16:01:41.885  INFO 11081 --- [Test worker] s.w.s.m.m.a.RequestMappingHandlerMapping : Mapped "{[/error]}" onto public org.springframework.http.ResponseEntity<java.util.Map<java.lang.String, java.lang.Object>> org.springframework.boot.autoconfigure.web.BasicErrorController.error(javax.servlet.http.HttpServletRequest)
2016-10-26 16:01:41.938  INFO 11081 --- [Test worker] o.s.w.s.handler.SimpleUrlHandlerMapping  : Mapped URL path [/webjars/**] onto handler of type [class org.springframework.web.servlet.resource.ResourceHttpRequestHandler]
2016-10-26 16:01:41.940  INFO 11081 --- [Test worker] o.s.w.s.handler.SimpleUrlHandlerMapping  : Mapped URL path [/**] onto handler of type [class org.springframework.web.servlet.resource.ResourceHttpRequestHandler]
2016-10-26 16:01:41.972  INFO 11081 --- [Test worker] .m.m.a.ExceptionHandlerExceptionResolver : Detected @ExceptionHandler methods in cloudServiceExceptionHandler
2016-10-26 16:01:42.038  INFO 11081 --- [Test worker] o.s.w.s.handler.SimpleUrlHandlerMapping  : Mapped URL path [/**/favicon.ico] onto handler of type [class org.springframework.web.servlet.resource.ResourceHttpRequestHandler]
2016-10-26 16:01:43.122  INFO 11081 --- [Test worker] s.b.c.e.t.TomcatEmbeddedServletContainer : Tomcat started on port(s): 9998 (https)
2016-10-26 16:01:43.141  INFO 11081 --- [Test worker] i.c.c.CloudServiceCallbackControllerTest : Started CloudServiceCallbackControllerTest in 7.52 seconds (JVM running for 9.589)
2016-10-26 16:01:44.236  INFO 11081 --- [https-jsse-nio-127.0.0.1-9998-exec-5] o.a.c.c.C.[Tomcat].[localhost].[/]       : Initializing Spring FrameworkServlet 'dispatcherServlet'
2016-10-26 16:01:44.236  INFO 11081 --- [https-jsse-nio-127.0.0.1-9998-exec-5] o.s.web.servlet.DispatcherServlet        : FrameworkServlet 'dispatcherServlet': initialization started
2016-10-26 16:01:44.254  INFO 11081 --- [https-jsse-nio-127.0.0.1-9998-exec-5] o.s.web.servlet.DispatcherServlet        : FrameworkServlet 'dispatcherServlet': initialization completed in 17 ms
2016-10-26 16:01:44.390  INFO 11081 --- [Thread-5] ationConfigEmbeddedWebApplicationContext : Closing org.springframework.boot.context.embedded.AnnotationConfigEmbeddedWebApplicationContext@1edad67c: startup date [Wed Oct 26 16:01:36 PDT 2016]; root of context hierarchy
2016-10-28 15:56:18.430  INFO 6244 --- [Test worker] i.c.c.CloudServiceCallbackControllerTest : Starting CloudServiceCallbackControllerTest on justin-dev with PID 6244 (started by justin in /home/justin/git/cloudbackenc/cloudbackencui)
2016-10-28 15:56:18.443  INFO 6244 --- [Test worker] i.c.c.CloudServiceCallbackControllerTest : No active profile set, falling back to default profiles: default
2016-10-28 15:56:18.569  INFO 6244 --- [Test worker] ationConfigEmbeddedWebApplicationContext : Refreshing org.springframework.boot.context.embedded.AnnotationConfigEmbeddedWebApplicationContext@2850983e: startup date [Fri Oct 28 15:56:18 PDT 2016]; root of context hierarchy
2016-10-28 15:56:22.056  INFO 6244 --- [Test worker] s.b.c.e.t.TomcatEmbeddedServletContainer : Tomcat initialized with port(s): 9998 (https)
2016-10-28 15:56:22.078  INFO 6244 --- [Test worker] o.apache.catalina.core.StandardService   : Starting service Tomcat
2016-10-28 15:56:22.079  INFO 6244 --- [Test worker] org.apache.catalina.core.StandardEngine  : Starting Servlet Engine: Apache Tomcat/8.5.5
2016-10-28 15:56:22.253  INFO 6244 --- [localhost-startStop-1] o.a.c.c.C.[Tomcat].[localhost].[/]       : Initializing Spring embedded WebApplicationContext
2016-10-28 15:56:22.256  INFO 6244 --- [localhost-startStop-1] o.s.web.context.ContextLoader            : Root WebApplicationContext: initialization completed in 3703 ms
2016-10-28 15:56:22.582  INFO 6244 --- [localhost-startStop-1] o.s.b.w.servlet.ServletRegistrationBean  : Mapping servlet: 'dispatcherServlet' to [/]
2016-10-28 15:56:22.593  INFO 6244 --- [localhost-startStop-1] o.s.b.w.servlet.FilterRegistrationBean   : Mapping filter: 'characterEncodingFilter' to: [/*]
2016-10-28 15:56:22.600  INFO 6244 --- [localhost-startStop-1] o.s.b.w.servlet.FilterRegistrationBean   : Mapping filter: 'hiddenHttpMethodFilter' to: [/*]
2016-10-28 15:56:22.601  INFO 6244 --- [localhost-startStop-1] o.s.b.w.servlet.FilterRegistrationBean   : Mapping filter: 'httpPutFormContentFilter' to: [/*]
2016-10-28 15:56:22.602  INFO 6244 --- [localhost-startStop-1] o.s.b.w.servlet.FilterRegistrationBean   : Mapping filter: 'requestContextFilter' to: [/*]
2016-10-28 15:56:23.157  INFO 6244 --- [Test worker] s.w.s.m.m.a.RequestMappingHandlerAdapter : Looking for @ControllerAdvice: org.springframework.boot.context.embedded.AnnotationConfigEmbeddedWebApplicationContext@2850983e: startup date [Fri Oct 28 15:56:18 PDT 2016]; root of context hierarchy
2016-10-28 15:56:23.317  INFO 6244 --- [Test worker] s.w.s.m.m.a.RequestMappingHandlerMapping : Mapped "{[/cloudservicecallback],methods=[POST]}" onto public final org.springframework.http.ResponseEntity<java.lang.Void> com.irotsoma.cloudbackenc.cloudbackencui.CloudServiceCallbackController.authenticate(com.irotsoma.cloudbackenc.common.cloudservice.CloudServiceCallbackURL)
2016-10-28 15:56:23.321  INFO 6244 --- [Test worker] s.w.s.m.m.a.RequestMappingHandlerMapping : Mapped "{[/error],produces=[text/html]}" onto public org.springframework.web.servlet.ModelAndView org.springframework.boot.autoconfigure.web.BasicErrorController.errorHtml(javax.servlet.http.HttpServletRequest,javax.servlet.http.HttpServletResponse)
2016-10-28 15:56:23.324  INFO 6244 --- [Test worker] s.w.s.m.m.a.RequestMappingHandlerMapping : Mapped "{[/error]}" onto public org.springframework.http.ResponseEntity<java.util.Map<java.lang.String, java.lang.Object>> org.springframework.boot.autoconfigure.web.BasicErrorController.error(javax.servlet.http.HttpServletRequest)
2016-10-28 15:56:23.361  INFO 6244 --- [Test worker] o.s.w.s.handler.SimpleUrlHandlerMapping  : Mapped URL path [/webjars/**] onto handler of type [class org.springframework.web.servlet.resource.ResourceHttpRequestHandler]
2016-10-28 15:56:23.361  INFO 6244 --- [Test worker] o.s.w.s.handler.SimpleUrlHandlerMapping  : Mapped URL path [/**] onto handler of type [class org.springframework.web.servlet.resource.ResourceHttpRequestHandler]
2016-10-28 15:56:23.379  INFO 6244 --- [Test worker] .m.m.a.ExceptionHandlerExceptionResolver : Detected @ExceptionHandler methods in cloudServiceExceptionHandler
2016-10-28 15:56:23.414  INFO 6244 --- [Test worker] o.s.w.s.handler.SimpleUrlHandlerMapping  : Mapped URL path [/**/favicon.ico] onto handler of type [class org.springframework.web.servlet.resource.ResourceHttpRequestHandler]
2016-10-28 15:56:24.595  INFO 6244 --- [Test worker] s.b.c.e.t.TomcatEmbeddedServletContainer : Tomcat started on port(s): 9998 (https)
2016-10-28 15:56:24.602  INFO 6244 --- [Test worker] i.c.c.CloudServiceCallbackControllerTest : Started CloudServiceCallbackControllerTest in 7.69 seconds (JVM running for 10.76)
2016-10-28 15:56:25.667  INFO 6244 --- [https-jsse-nio-127.0.0.1-9998-exec-5] o.a.c.c.C.[Tomcat].[localhost].[/]       : Initializing Spring FrameworkServlet 'dispatcherServlet'
2016-10-28 15:56:25.668  INFO 6244 --- [https-jsse-nio-127.0.0.1-9998-exec-5] o.s.web.servlet.DispatcherServlet        : FrameworkServlet 'dispatcherServlet': initialization started
2016-10-28 15:56:25.694  INFO 6244 --- [https-jsse-nio-127.0.0.1-9998-exec-5] o.s.web.servlet.DispatcherServlet        : FrameworkServlet 'dispatcherServlet': initialization completed in 26 ms
2016-10-28 15:56:25.833  INFO 6244 --- [Thread-5] ationConfigEmbeddedWebApplicationContext : Closing org.springframework.boot.context.embedded.AnnotationConfigEmbeddedWebApplicationContext@2850983e: startup date [Fri Oct 28 15:56:18 PDT 2016]; root of context hierarchy
2016-11-03 13:22:38.132  INFO 4710 --- [Test worker] i.c.c.CloudServiceCallbackControllerTest : Starting CloudServiceCallbackControllerTest on justin-dev with PID 4710 (started by justin in /home/justin/git/cloudbackenc/cloudbackencui)
2016-11-03 13:22:38.145  INFO 4710 --- [Test worker] i.c.c.CloudServiceCallbackControllerTest : No active profile set, falling back to default profiles: default
2016-11-03 13:22:38.222  INFO 4710 --- [Test worker] ationConfigEmbeddedWebApplicationContext : Refreshing org.springframework.boot.context.embedded.AnnotationConfigEmbeddedWebApplicationContext@a888d74: startup date [Thu Nov 03 13:22:38 PDT 2016]; root of context hierarchy
2016-11-03 13:22:40.086  INFO 4710 --- [Test worker] s.b.c.e.t.TomcatEmbeddedServletContainer : Tomcat initialized with port(s): 9998 (https)
2016-11-03 13:22:40.099  INFO 4710 --- [Test worker] o.apache.catalina.core.StandardService   : Starting service Tomcat
2016-11-03 13:22:40.101  INFO 4710 --- [Test worker] org.apache.catalina.core.StandardEngine  : Starting Servlet Engine: Apache Tomcat/8.5.5
2016-11-03 13:22:40.173  INFO 4710 --- [localhost-startStop-1] o.a.c.c.C.[Tomcat].[localhost].[/]       : Initializing Spring embedded WebApplicationContext
2016-11-03 13:22:40.173  INFO 4710 --- [localhost-startStop-1] o.s.web.context.ContextLoader            : Root WebApplicationContext: initialization completed in 1954 ms
2016-11-03 13:22:40.353  INFO 4710 --- [localhost-startStop-1] o.s.b.w.servlet.ServletRegistrationBean  : Mapping servlet: 'dispatcherServlet' to [/]
2016-11-03 13:22:40.358  INFO 4710 --- [localhost-startStop-1] o.s.b.w.servlet.FilterRegistrationBean   : Mapping filter: 'metricsFilter' to: [/*]
2016-11-03 13:22:40.365  INFO 4710 --- [localhost-startStop-1] o.s.b.w.servlet.FilterRegistrationBean   : Mapping filter: 'characterEncodingFilter' to: [/*]
2016-11-03 13:22:40.366  INFO 4710 --- [localhost-startStop-1] o.s.b.w.servlet.FilterRegistrationBean   : Mapping filter: 'hiddenHttpMethodFilter' to: [/*]
2016-11-03 13:22:40.366  INFO 4710 --- [localhost-startStop-1] o.s.b.w.servlet.FilterRegistrationBean   : Mapping filter: 'httpPutFormContentFilter' to: [/*]
2016-11-03 13:22:40.366  INFO 4710 --- [localhost-startStop-1] o.s.b.w.servlet.FilterRegistrationBean   : Mapping filter: 'requestContextFilter' to: [/*]
2016-11-03 13:22:40.367  INFO 4710 --- [localhost-startStop-1] o.s.b.w.servlet.FilterRegistrationBean   : Mapping filter: 'webRequestLoggingFilter' to: [/*]
2016-11-03 13:22:40.367  INFO 4710 --- [localhost-startStop-1] o.s.b.w.servlet.FilterRegistrationBean   : Mapping filter: 'applicationContextIdFilter' to: [/*]
2016-11-03 13:22:40.681  INFO 4710 --- [Test worker] s.w.s.m.m.a.RequestMappingHandlerAdapter : Looking for @ControllerAdvice: org.springframework.boot.context.embedded.AnnotationConfigEmbeddedWebApplicationContext@a888d74: startup date [Thu Nov 03 13:22:38 PDT 2016]; root of context hierarchy
2016-11-03 13:22:40.761  INFO 4710 --- [Test worker] s.w.s.m.m.a.RequestMappingHandlerMapping : Mapped "{[/cloudservicecallback],methods=[POST]}" onto public final org.springframework.http.ResponseEntity<java.lang.Void> com.irotsoma.cloudbackenc.cloudbackencui.CloudServiceCallbackController.authenticate(com.irotsoma.cloudbackenc.common.cloudservice.CloudServiceCallbackURL)
2016-11-03 13:22:40.763  INFO 4710 --- [Test worker] s.w.s.m.m.a.RequestMappingHandlerMapping : Mapped "{[/error],produces=[text/html]}" onto public org.springframework.web.servlet.ModelAndView org.springframework.boot.autoconfigure.web.BasicErrorController.errorHtml(javax.servlet.http.HttpServletRequest,javax.servlet.http.HttpServletResponse)
2016-11-03 13:22:40.764  INFO 4710 --- [Test worker] s.w.s.m.m.a.RequestMappingHandlerMapping : Mapped "{[/error]}" onto public org.springframework.http.ResponseEntity<java.util.Map<java.lang.String, java.lang.Object>> org.springframework.boot.autoconfigure.web.BasicErrorController.error(javax.servlet.http.HttpServletRequest)
2016-11-03 13:22:40.786  INFO 4710 --- [Test worker] o.s.w.s.handler.SimpleUrlHandlerMapping  : Mapped URL path [/webjars/**] onto handler of type [class org.springframework.web.servlet.resource.ResourceHttpRequestHandler]
2016-11-03 13:22:40.786  INFO 4710 --- [Test worker] o.s.w.s.handler.SimpleUrlHandlerMapping  : Mapped URL path [/**] onto handler of type [class org.springframework.web.servlet.resource.ResourceHttpRequestHandler]
2016-11-03 13:22:40.799  INFO 4710 --- [Test worker] .m.m.a.ExceptionHandlerExceptionResolver : Detected @ExceptionHandler methods in cloudServiceExceptionHandler
2016-11-03 13:22:40.815  INFO 4710 --- [Test worker] o.s.w.s.handler.SimpleUrlHandlerMapping  : Mapped URL path [/**/favicon.ico] onto handler of type [class org.springframework.web.servlet.resource.ResourceHttpRequestHandler]
2016-11-03 13:22:41.025  INFO 4710 --- [Test worker] o.s.b.a.e.mvc.EndpointHandlerMapping     : Mapped "{[/heapdump || /heapdump.json],methods=[GET],produces=[application/octet-stream]}" onto public void org.springframework.boot.actuate.endpoint.mvc.HeapdumpMvcEndpoint.invoke(boolean,javax.servlet.http.HttpServletRequest,javax.servlet.http.HttpServletResponse) throws java.io.IOException,javax.servlet.ServletException
2016-11-03 13:22:41.027  INFO 4710 --- [Test worker] o.s.b.a.e.mvc.EndpointHandlerMapping     : Mapped "{[/info || /info.json],methods=[GET],produces=[application/json]}" onto public java.lang.Object org.springframework.boot.actuate.endpoint.mvc.EndpointMvcAdapter.invoke()
2016-11-03 13:22:41.028  INFO 4710 --- [Test worker] o.s.b.a.e.mvc.EndpointHandlerMapping     : Mapped "{[/dump || /dump.json],methods=[GET],produces=[application/json]}" onto public java.lang.Object org.springframework.boot.actuate.endpoint.mvc.EndpointMvcAdapter.invoke()
2016-11-03 13:22:41.029  INFO 4710 --- [Test worker] o.s.b.a.e.mvc.EndpointHandlerMapping     : Mapped "{[/beans || /beans.json],methods=[GET],produces=[application/json]}" onto public java.lang.Object org.springframework.boot.actuate.endpoint.mvc.EndpointMvcAdapter.invoke()
2016-11-03 13:22:41.029  INFO 4710 --- [Test worker] o.s.b.a.e.mvc.EndpointHandlerMapping     : Mapped "{[/logfile || /logfile.json],methods=[GET || HEAD]}" onto public void org.springframework.boot.actuate.endpoint.mvc.LogFileMvcEndpoint.invoke(javax.servlet.http.HttpServletRequest,javax.servlet.http.HttpServletResponse) throws javax.servlet.ServletException,java.io.IOException
2016-11-03 13:22:41.030  INFO 4710 --- [Test worker] o.s.b.a.e.mvc.EndpointHandlerMapping     : Mapped "{[/configprops || /configprops.json],methods=[GET],produces=[application/json]}" onto public java.lang.Object org.springframework.boot.actuate.endpoint.mvc.EndpointMvcAdapter.invoke()
2016-11-03 13:22:41.031  INFO 4710 --- [Test worker] o.s.b.a.e.mvc.EndpointHandlerMapping     : Mapped "{[/env/{name:.*}],methods=[GET],produces=[application/json]}" onto public java.lang.Object org.springframework.boot.actuate.endpoint.mvc.EnvironmentMvcEndpoint.value(java.lang.String)
2016-11-03 13:22:41.032  INFO 4710 --- [Test worker] o.s.b.a.e.mvc.EndpointHandlerMapping     : Mapped "{[/env || /env.json],methods=[GET],produces=[application/json]}" onto public java.lang.Object org.springframework.boot.actuate.endpoint.mvc.EndpointMvcAdapter.invoke()
2016-11-03 13:22:41.032  INFO 4710 --- [Test worker] o.s.b.a.e.mvc.EndpointHandlerMapping     : Mapped "{[/trace || /trace.json],methods=[GET],produces=[application/json]}" onto public java.lang.Object org.springframework.boot.actuate.endpoint.mvc.EndpointMvcAdapter.invoke()
2016-11-03 13:22:41.035  INFO 4710 --- [Test worker] o.s.b.a.e.mvc.EndpointHandlerMapping     : Mapped "{[/metrics/{name:.*}],methods=[GET],produces=[application/json]}" onto public java.lang.Object org.springframework.boot.actuate.endpoint.mvc.MetricsMvcEndpoint.value(java.lang.String)
2016-11-03 13:22:41.036  INFO 4710 --- [Test worker] o.s.b.a.e.mvc.EndpointHandlerMapping     : Mapped "{[/metrics || /metrics.json],methods=[GET],produces=[application/json]}" onto public java.lang.Object org.springframework.boot.actuate.endpoint.mvc.EndpointMvcAdapter.invoke()
2016-11-03 13:22:41.036  INFO 4710 --- [Test worker] o.s.b.a.e.mvc.EndpointHandlerMapping     : Mapped "{[/health || /health.json],produces=[application/json]}" onto public java.lang.Object org.springframework.boot.actuate.endpoint.mvc.HealthMvcEndpoint.invoke(java.security.Principal)
2016-11-03 13:22:41.037  INFO 4710 --- [Test worker] o.s.b.a.e.mvc.EndpointHandlerMapping     : Mapped "{[/autoconfig || /autoconfig.json],methods=[GET],produces=[application/json]}" onto public java.lang.Object org.springframework.boot.actuate.endpoint.mvc.EndpointMvcAdapter.invoke()
2016-11-03 13:22:41.038  INFO 4710 --- [Test worker] o.s.b.a.e.mvc.EndpointHandlerMapping     : Mapped "{[/mappings || /mappings.json],methods=[GET],produces=[application/json]}" onto public java.lang.Object org.springframework.boot.actuate.endpoint.mvc.EndpointMvcAdapter.invoke()
2016-11-03 13:22:41.522  INFO 4710 --- [Test worker] s.b.c.e.t.TomcatEmbeddedServletContainer : Tomcat started on port(s): 9998 (https)
2016-11-03 13:22:41.529  INFO 4710 --- [Test worker] i.c.c.CloudServiceCallbackControllerTest : Started CloudServiceCallbackControllerTest in 3.913 seconds (JVM running for 4.781)
2016-11-03 13:22:42.137  INFO 4710 --- [https-jsse-nio-127.0.0.1-9998-exec-4] o.a.c.c.C.[Tomcat].[localhost].[/]       : Initializing Spring FrameworkServlet 'dispatcherServlet'
2016-11-03 13:22:42.138  INFO 4710 --- [https-jsse-nio-127.0.0.1-9998-exec-4] o.s.web.servlet.DispatcherServlet        : FrameworkServlet 'dispatcherServlet': initialization started
2016-11-03 13:22:42.152  INFO 4710 --- [https-jsse-nio-127.0.0.1-9998-exec-4] o.s.web.servlet.DispatcherServlet        : FrameworkServlet 'dispatcherServlet': initialization completed in 14 ms
2016-11-03 13:22:42.278  INFO 4710 --- [Thread-5] ationConfigEmbeddedWebApplicationContext : Closing org.springframework.boot.context.embedded.AnnotationConfigEmbeddedWebApplicationContext@a888d74: startup date [Thu Nov 03 13:22:38 PDT 2016]; root of context hierarchy
2016-11-10 15:04:35.492  INFO 22297 --- [Test worker] i.c.c.CloudServiceCallbackControllerTest : Starting CloudServiceCallbackControllerTest on justin-dev with PID 22297 (started by justin in /home/justin/git/cloudbackenc/cloudbackencui)
2016-11-10 15:04:35.497  INFO 22297 --- [Test worker] i.c.c.CloudServiceCallbackControllerTest : No active profile set, falling back to default profiles: default
2016-11-10 15:04:35.571  INFO 22297 --- [Test worker] ationConfigEmbeddedWebApplicationContext : Refreshing org.springframework.boot.context.embedded.AnnotationConfigEmbeddedWebApplicationContext@7cf4bbf3: startup date [Thu Nov 10 15:04:35 PST 2016]; root of context hierarchy
2016-11-10 15:04:38.736  INFO 22297 --- [Test worker] s.b.c.e.t.TomcatEmbeddedServletContainer : Tomcat initialized with port(s): 9998 (https)
2016-11-10 15:04:38.782  INFO 22297 --- [Test worker] o.apache.catalina.core.StandardService   : Starting service Tomcat
2016-11-10 15:04:38.783  INFO 22297 --- [Test worker] org.apache.catalina.core.StandardEngine  : Starting Servlet Engine: Apache Tomcat/8.5.5
2016-11-10 15:04:38.935  INFO 22297 --- [localhost-startStop-1] o.a.c.c.C.[Tomcat].[localhost].[/]       : Initializing Spring embedded WebApplicationContext
2016-11-10 15:04:38.936  INFO 22297 --- [localhost-startStop-1] o.s.web.context.ContextLoader            : Root WebApplicationContext: initialization completed in 3368 ms
2016-11-10 15:04:39.271  INFO 22297 --- [localhost-startStop-1] o.s.b.w.servlet.ServletRegistrationBean  : Mapping servlet: 'dispatcherServlet' to [/]
2016-11-10 15:04:39.275  INFO 22297 --- [localhost-startStop-1] o.s.b.w.servlet.FilterRegistrationBean   : Mapping filter: 'metricsFilter' to: [/*]
2016-11-10 15:04:39.276  INFO 22297 --- [localhost-startStop-1] o.s.b.w.servlet.FilterRegistrationBean   : Mapping filter: 'characterEncodingFilter' to: [/*]
2016-11-10 15:04:39.276  INFO 22297 --- [localhost-startStop-1] o.s.b.w.servlet.FilterRegistrationBean   : Mapping filter: 'hiddenHttpMethodFilter' to: [/*]
2016-11-10 15:04:39.276  INFO 22297 --- [localhost-startStop-1] o.s.b.w.servlet.FilterRegistrationBean   : Mapping filter: 'httpPutFormContentFilter' to: [/*]
2016-11-10 15:04:39.277  INFO 22297 --- [localhost-startStop-1] o.s.b.w.servlet.FilterRegistrationBean   : Mapping filter: 'requestContextFilter' to: [/*]
2016-11-10 15:04:39.277  INFO 22297 --- [localhost-startStop-1] o.s.b.w.servlet.FilterRegistrationBean   : Mapping filter: 'webRequestLoggingFilter' to: [/*]
2016-11-10 15:04:39.277  INFO 22297 --- [localhost-startStop-1] o.s.b.w.servlet.FilterRegistrationBean   : Mapping filter: 'applicationContextIdFilter' to: [/*]
2016-11-10 15:04:39.970  INFO 22297 --- [Test worker] s.w.s.m.m.a.RequestMappingHandlerAdapter : Looking for @ControllerAdvice: org.springframework.boot.context.embedded.AnnotationConfigEmbeddedWebApplicationContext@7cf4bbf3: startup date [Thu Nov 10 15:04:35 PST 2016]; root of context hierarchy
2016-11-10 15:04:40.059  INFO 22297 --- [Test worker] s.w.s.m.m.a.RequestMappingHandlerMapping : Mapped "{[/cloudservicecallback],methods=[POST]}" onto public final org.springframework.http.ResponseEntity<java.lang.Void> com.irotsoma.cloudbackenc.cloudbackencui.CloudServiceCallbackController.authenticate(com.irotsoma.cloudbackenc.common.cloudservice.CloudServiceCallbackURL)
2016-11-10 15:04:40.064  INFO 22297 --- [Test worker] s.w.s.m.m.a.RequestMappingHandlerMapping : Mapped "{[/error],produces=[text/html]}" onto public org.springframework.web.servlet.ModelAndView org.springframework.boot.autoconfigure.web.BasicErrorController.errorHtml(javax.servlet.http.HttpServletRequest,javax.servlet.http.HttpServletResponse)
2016-11-10 15:04:40.065  INFO 22297 --- [Test worker] s.w.s.m.m.a.RequestMappingHandlerMapping : Mapped "{[/error]}" onto public org.springframework.http.ResponseEntity<java.util.Map<java.lang.String, java.lang.Object>> org.springframework.boot.autoconfigure.web.BasicErrorController.error(javax.servlet.http.HttpServletRequest)
2016-11-10 15:04:40.130  INFO 22297 --- [Test worker] o.s.w.s.handler.SimpleUrlHandlerMapping  : Mapped URL path [/webjars/**] onto handler of type [class org.springframework.web.servlet.resource.ResourceHttpRequestHandler]
2016-11-10 15:04:40.131  INFO 22297 --- [Test worker] o.s.w.s.handler.SimpleUrlHandlerMapping  : Mapped URL path [/**] onto handler of type [class org.springframework.web.servlet.resource.ResourceHttpRequestHandler]
2016-11-10 15:04:40.191  INFO 22297 --- [Test worker] .m.m.a.ExceptionHandlerExceptionResolver : Detected @ExceptionHandler methods in cloudServiceExceptionHandler
2016-11-10 15:04:40.235  INFO 22297 --- [Test worker] o.s.w.s.handler.SimpleUrlHandlerMapping  : Mapped URL path [/**/favicon.ico] onto handler of type [class org.springframework.web.servlet.resource.ResourceHttpRequestHandler]
2016-11-10 15:04:40.782  INFO 22297 --- [Test worker] o.s.b.a.e.mvc.EndpointHandlerMapping     : Mapped "{[/health || /health.json],produces=[application/json]}" onto public java.lang.Object org.springframework.boot.actuate.endpoint.mvc.HealthMvcEndpoint.invoke(java.security.Principal)
2016-11-10 15:04:40.792  INFO 22297 --- [Test worker] o.s.b.a.e.mvc.EndpointHandlerMapping     : Mapped "{[/info || /info.json],methods=[GET],produces=[application/json]}" onto public java.lang.Object org.springframework.boot.actuate.endpoint.mvc.EndpointMvcAdapter.invoke()
2016-11-10 15:04:40.793  INFO 22297 --- [Test worker] o.s.b.a.e.mvc.EndpointHandlerMapping     : Mapped "{[/heapdump || /heapdump.json],methods=[GET],produces=[application/octet-stream]}" onto public void org.springframework.boot.actuate.endpoint.mvc.HeapdumpMvcEndpoint.invoke(boolean,javax.servlet.http.HttpServletRequest,javax.servlet.http.HttpServletResponse) throws java.io.IOException,javax.servlet.ServletException
2016-11-10 15:04:40.793  INFO 22297 --- [Test worker] o.s.b.a.e.mvc.EndpointHandlerMapping     : Mapped "{[/logfile || /logfile.json],methods=[GET || HEAD]}" onto public void org.springframework.boot.actuate.endpoint.mvc.LogFileMvcEndpoint.invoke(javax.servlet.http.HttpServletRequest,javax.servlet.http.HttpServletResponse) throws javax.servlet.ServletException,java.io.IOException
2016-11-10 15:04:40.794  INFO 22297 --- [Test worker] o.s.b.a.e.mvc.EndpointHandlerMapping     : Mapped "{[/metrics/{name:.*}],methods=[GET],produces=[application/json]}" onto public java.lang.Object org.springframework.boot.actuate.endpoint.mvc.MetricsMvcEndpoint.value(java.lang.String)
2016-11-10 15:04:40.795  INFO 22297 --- [Test worker] o.s.b.a.e.mvc.EndpointHandlerMapping     : Mapped "{[/metrics || /metrics.json],methods=[GET],produces=[application/json]}" onto public java.lang.Object org.springframework.boot.actuate.endpoint.mvc.EndpointMvcAdapter.invoke()
2016-11-10 15:04:40.795  INFO 22297 --- [Test worker] o.s.b.a.e.mvc.EndpointHandlerMapping     : Mapped "{[/dump || /dump.json],methods=[GET],produces=[application/json]}" onto public java.lang.Object org.springframework.boot.actuate.endpoint.mvc.EndpointMvcAdapter.invoke()
2016-11-10 15:04:40.796  INFO 22297 --- [Test worker] o.s.b.a.e.mvc.EndpointHandlerMapping     : Mapped "{[/mappings || /mappings.json],methods=[GET],produces=[application/json]}" onto public java.lang.Object org.springframework.boot.actuate.endpoint.mvc.EndpointMvcAdapter.invoke()
2016-11-10 15:04:40.797  INFO 22297 --- [Test worker] o.s.b.a.e.mvc.EndpointHandlerMapping     : Mapped "{[/env/{name:.*}],methods=[GET],produces=[application/json]}" onto public java.lang.Object org.springframework.boot.actuate.endpoint.mvc.EnvironmentMvcEndpoint.value(java.lang.String)
2016-11-10 15:04:40.798  INFO 22297 --- [Test worker] o.s.b.a.e.mvc.EndpointHandlerMapping     : Mapped "{[/env || /env.json],methods=[GET],produces=[application/json]}" onto public java.lang.Object org.springframework.boot.actuate.endpoint.mvc.EndpointMvcAdapter.invoke()
2016-11-10 15:04:40.801  INFO 22297 --- [Test worker] o.s.b.a.e.mvc.EndpointHandlerMapping     : Mapped "{[/trace || /trace.json],methods=[GET],produces=[application/json]}" onto public java.lang.Object org.springframework.boot.actuate.endpoint.mvc.EndpointMvcAdapter.invoke()
2016-11-10 15:04:40.803  INFO 22297 --- [Test worker] o.s.b.a.e.mvc.EndpointHandlerMapping     : Mapped "{[/autoconfig || /autoconfig.json],methods=[GET],produces=[application/json]}" onto public java.lang.Object org.springframework.boot.actuate.endpoint.mvc.EndpointMvcAdapter.invoke()
2016-11-10 15:04:40.804  INFO 22297 --- [Test worker] o.s.b.a.e.mvc.EndpointHandlerMapping     : Mapped "{[/beans || /beans.json],methods=[GET],produces=[application/json]}" onto public java.lang.Object org.springframework.boot.actuate.endpoint.mvc.EndpointMvcAdapter.invoke()
2016-11-10 15:04:40.810  INFO 22297 --- [Test worker] o.s.b.a.e.mvc.EndpointHandlerMapping     : Mapped "{[/configprops || /configprops.json],methods=[GET],produces=[application/json]}" onto public java.lang.Object org.springframework.boot.actuate.endpoint.mvc.EndpointMvcAdapter.invoke()
2016-11-10 15:04:41.519  INFO 22297 --- [Test worker] s.b.c.e.t.TomcatEmbeddedServletContainer : Tomcat started on port(s): 9998 (https)
2016-11-10 15:04:41.525  INFO 22297 --- [Test worker] i.c.c.CloudServiceCallbackControllerTest : Started CloudServiceCallbackControllerTest in 6.849 seconds (JVM running for 8.451)
2016-11-10 15:04:42.478  INFO 22297 --- [https-jsse-nio-127.0.0.1-9998-exec-5] o.a.c.c.C.[Tomcat].[localhost].[/]       : Initializing Spring FrameworkServlet 'dispatcherServlet'
2016-11-10 15:04:42.479  INFO 22297 --- [https-jsse-nio-127.0.0.1-9998-exec-5] o.s.web.servlet.DispatcherServlet        : FrameworkServlet 'dispatcherServlet': initialization started
2016-11-10 15:04:42.498  INFO 22297 --- [https-jsse-nio-127.0.0.1-9998-exec-5] o.s.web.servlet.DispatcherServlet        : FrameworkServlet 'dispatcherServlet': initialization completed in 19 ms
2016-11-10 15:04:42.618  INFO 22297 --- [Thread-5] ationConfigEmbeddedWebApplicationContext : Closing org.springframework.boot.context.embedded.AnnotationConfigEmbeddedWebApplicationContext@7cf4bbf3: startup date [Thu Nov 10 15:04:35 PST 2016]; root of context hierarchy
